# JRE version: Java(TM) SE Runtime Environment (8.0_211-b12) (build 1.8.0_211-b12)
# Java VM: Java HotSpot(TM) 64-Bit Server VM (25.211-b12 mixed mode windows-amd64 compressed oops)
Heap:
 PSYoungGen      total 59392K, used 50917K [0x00000000d5e00000, 0x00000000dab00000, 0x0000000100000000)
  eden space 55296K, 85% used [0x00000000d5e00000,0x00000000d8beef68,0x00000000d9400000)
  from space 4096K, 94% used [0x00000000da700000,0x00000000daaca808,0x00000000dab00000)
  to   space 8192K, 0% used [0x00000000d9b00000,0x00000000d9b00000,0x00000000da300000)
 ParOldGen       total 53760K, used 6885K [0x0000000081a00000, 0x0000000084e80000, 0x00000000d5e00000)
  object space 53760K, 12% used [0x0000000081a00000,0x00000000820b9740,0x0000000084e80000)
 Metaspace       used 25860K, capacity 27364K, committed 27648K, reserved 1073152K
  class space    used 3421K, capacity 3726K, committed 3840K, reserved 1048576K
GC Heap History (10 events):
Event: 2.124 GC heap before
{Heap before GC invocations=3 (full 0):
 PSYoungGen      total 38400K, used 38379K [0x00000000d5e00000, 0x00000000d8880000, 0x0000000100000000)
  eden space 33280K, 100% used [0x00000000d5e00000,0x00000000d7e80000,0x00000000d7e80000)
  from space 5120K, 99% used [0x00000000d8380000,0x00000000d887ad28,0x00000000d8880000)
  to   space 5120K, 0% used [0x00000000d7e80000,0x00000000d7e80000,0x00000000d8380000)
 ParOldGen       total 87552K, used 287K [0x0000000081a00000, 0x0000000086f80000, 0x00000000d5e00000)
  object space 87552K, 0% used [0x0000000081a00000,0x0000000081a47e78,0x0000000086f80000)
 Metaspace       used 15511K, capacity 16600K, committed 16896K, reserved 1064960K
  class space    used 1961K, capacity 2178K, committed 2304K, reserved 1048576K
Event: 2.130 GC heap after
Heap after GC invocations=3 (full 0):
 PSYoungGen      total 38400K, used 5111K [0x00000000d5e00000, 0x00000000d8880000, 0x0000000100000000)
  eden space 33280K, 0% used [0x00000000d5e00000,0x00000000d5e00000,0x00000000d7e80000)
  from space 5120K, 99% used [0x00000000d7e80000,0x00000000d837dda8,0x00000000d8380000)
  to   space 5120K, 0% used [0x00000000d8380000,0x00000000d8380000,0x00000000d8880000)
 ParOldGen       total 87552K, used 1314K [0x0000000081a00000, 0x0000000086f80000, 0x00000000d5e00000)
  object space 87552K, 1% used [0x0000000081a00000,0x0000000081b48b88,0x0000000086f80000)
 Metaspace       used 15511K, capacity 16600K, committed 16896K, reserved 1064960K
  class space    used 1961K, capacity 2178K, committed 2304K, reserved 1048576K
}
Event: 2.410 GC heap before
{Heap before GC invocations=4 (full 0):
 PSYoungGen      total 38400K, used 38391K [0x00000000d5e00000, 0x00000000d8880000, 0x0000000100000000)
  eden space 33280K, 100% used [0x00000000d5e00000,0x00000000d7e80000,0x00000000d7e80000)
  from space 5120K, 99% used [0x00000000d7e80000,0x00000000d837dda8,0x00000000d8380000)
  to   space 5120K, 0% used [0x00000000d8380000,0x00000000d8380000,0x00000000d8880000)
 ParOldGen       total 87552K, used 1314K [0x0000000081a00000, 0x0000000086f80000, 0x00000000d5e00000)
  object space 87552K, 1% used [0x0000000081a00000,0x0000000081b48b88,0x0000000086f80000)
 Metaspace       used 18043K, capacity 19284K, committed 19328K, reserved 1067008K
  class space    used 2407K, capacity 2670K, committed 2688K, reserved 1048576K
Event: 2.419 GC heap after
Heap after GC invocations=4 (full 0):
 PSYoungGen      total 38400K, used 5114K [0x00000000d5e00000, 0x00000000da900000, 0x0000000100000000)
  eden space 33280K, 0% used [0x00000000d5e00000,0x00000000d5e00000,0x00000000d7e80000)
  from space 5120K, 99% used [0x00000000d8380000,0x00000000d887eaa8,0x00000000d8880000)
  to   space 5120K, 0% used [0x00000000d7e80000,0x00000000d7e80000,0x00000000d8380000)
 ParOldGen       total 87552K, used 2916K [0x0000000081a00000, 0x0000000086f80000, 0x00000000d5e00000)
  object space 87552K, 3% used [0x0000000081a00000,0x0000000081cd9060,0x0000000086f80000)
 Metaspace       used 18043K, capacity 19284K, committed 19328K, reserved 1067008K
  class space    used 2407K, capacity 2670K, committed 2688K, reserved 1048576K
}
Event: 2.546 GC heap before
{Heap before GC invocations=5 (full 0):
 PSYoungGen      total 38400K, used 34707K [0x00000000d5e00000, 0x00000000da900000, 0x0000000100000000)
  eden space 33280K, 88% used [0x00000000d5e00000,0x00000000d7ae6380,0x00000000d7e80000)
  from space 5120K, 99% used [0x00000000d8380000,0x00000000d887eaa8,0x00000000d8880000)
  to   space 5120K, 0% used [0x00000000d7e80000,0x00000000d7e80000,0x00000000d8380000)
 ParOldGen       total 87552K, used 2916K [0x0000000081a00000, 0x0000000086f80000, 0x00000000d5e00000)
  object space 87552K, 3% used [0x0000000081a00000,0x0000000081cd9060,0x0000000086f80000)
 Metaspace       used 19841K, capacity 21126K, committed 21248K, reserved 1067008K
  class space    used 2698K, capacity 2955K, committed 3072K, reserved 1048576K
Event: 2.555 GC heap after
Heap after GC invocations=5 (full 0):
 PSYoungGen      total 38400K, used 5090K [0x00000000d5e00000, 0x00000000daf00000, 0x0000000100000000)
  eden space 33280K, 0% used [0x00000000d5e00000,0x00000000d5e00000,0x00000000d7e80000)
  from space 5120K, 99% used [0x00000000d7e80000,0x00000000d8378860,0x00000000d8380000)
  to   space 8192K, 0% used [0x00000000da700000,0x00000000da700000,0x00000000daf00000)
 ParOldGen       total 87552K, used 4845K [0x0000000081a00000, 0x0000000086f80000, 0x00000000d5e00000)
  object space 87552K, 5% used [0x0000000081a00000,0x0000000081ebb450,0x0000000086f80000)
 Metaspace       used 19841K, capacity 21126K, committed 21248K, reserved 1067008K
  class space    used 2698K, capacity 2955K, committed 3072K, reserved 1048576K
}
Event: 2.555 GC heap before
{Heap before GC invocations=6 (full 1):
 PSYoungGen      total 38400K, used 5090K [0x00000000d5e00000, 0x00000000daf00000, 0x0000000100000000)
  eden space 33280K, 0% used [0x00000000d5e00000,0x00000000d5e00000,0x00000000d7e80000)
  from space 5120K, 99% used [0x00000000d7e80000,0x00000000d8378860,0x00000000d8380000)
  to   space 8192K, 0% used [0x00000000da700000,0x00000000da700000,0x00000000daf00000)
 ParOldGen       total 87552K, used 4845K [0x0000000081a00000, 0x0000000086f80000, 0x00000000d5e00000)
  object space 87552K, 5% used [0x0000000081a00000,0x0000000081ebb450,0x0000000086f80000)
 Metaspace       used 19841K, capacity 21126K, committed 21248K, reserved 1067008K
  class space    used 2698K, capacity 2955K, committed 3072K, reserved 1048576K
Event: 2.589 GC heap after
Heap after GC invocations=6 (full 1):
 PSYoungGen      total 38400K, used 0K [0x00000000d5e00000, 0x00000000daf00000, 0x0000000100000000)
  eden space 33280K, 0% used [0x00000000d5e00000,0x00000000d5e00000,0x00000000d7e80000)
  from space 5120K, 0% used [0x00000000d7e80000,0x00000000d7e80000,0x00000000d8380000)
  to   space 8192K, 0% used [0x00000000da700000,0x00000000da700000,0x00000000daf00000)
 ParOldGen       total 53760K, used 6885K [0x0000000081a00000, 0x0000000084e80000, 0x00000000d5e00000)
  object space 53760K, 12% used [0x0000000081a00000,0x00000000820b9740,0x0000000084e80000)
 Metaspace       used 19841K, capacity 21126K, committed 21248K, reserved 1067008K
  class space    used 2698K, capacity 2955K, committed 3072K, reserved 1048576K
}
Event: 2.816 GC heap before
{Heap before GC invocations=7 (full 1):
 PSYoungGen      total 38400K, used 33280K [0x00000000d5e00000, 0x00000000daf00000, 0x0000000100000000)
  eden space 33280K, 100% used [0x00000000d5e00000,0x00000000d7e80000,0x00000000d7e80000)
  from space 5120K, 0% used [0x00000000d7e80000,0x00000000d7e80000,0x00000000d8380000)
  to   space 8192K, 0% used [0x00000000da700000,0x00000000da700000,0x00000000daf00000)
 ParOldGen       total 53760K, used 6885K [0x0000000081a00000, 0x0000000084e80000, 0x00000000d5e00000)
  object space 53760K, 12% used [0x0000000081a00000,0x00000000820b9740,0x0000000084e80000)
 Metaspace       used 23021K, capacity 24380K, committed 24704K, reserved 1071104K
  class space    used 3066K, capacity 3346K, committed 3456K, reserved 1048576K
Event: 2.821 GC heap after
Heap after GC invocations=7 (full 1):
 PSYoungGen      total 59392K, used 3882K [0x00000000d5e00000, 0x00000000dab00000, 0x0000000100000000)
  eden space 55296K, 0% used [0x00000000d5e00000,0x00000000d5e00000,0x00000000d9400000)
  from space 4096K, 94% used [0x00000000da700000,0x00000000daaca808,0x00000000dab00000)
  to   space 8192K, 0% used [0x00000000d9b00000,0x00000000d9b00000,0x00000000da300000)
 ParOldGen       total 53760K, used 6885K [0x0000000081a00000, 0x0000000084e80000, 0x00000000d5e00000)
  object space 53760K, 12% used [0x0000000081a00000,0x00000000820b9740,0x0000000084e80000)
 Metaspace       used 23021K, capacity 24380K, committed 24704K, reserved 1071104K
  class space    used 3066K, capacity 3346K, committed 3456K, reserved 1048576K
}

